<?xml version="1.0" encoding="UTF-8"?>
<!-- Generated by org.testng.reporters.JUnitReportReporter -->
<testsuite hostname="Srinivas" name="com.enetBanking.testCases.TC_LoginTest_001" tests="1" failures="0" timestamp="14 Sep 2021 07:00:04 GMT" time="10.849" errors="0">
  <testcase name="loginTest" time="10.849" classname="com.enetBanking.testCases.TC_LoginTest_001"/>
</testsuite> <!-- com.enetBanking.testCases.TC_LoginTest_001 -->
