<?xml version="1.0" encoding="UTF-8"?>
<!-- Generated by org.testng.reporters.JUnitReportReporter -->
<testsuite hostname="Srinivas" name="com.enetBanking.testCases.TC_loginDDT_002" tests="2" failures="0" timestamp="14 Sep 2021 11:44:25 GMT" time="32.158" errors="0">
  <testcase name="loginTest" time="16.282" classname="com.enetBanking.testCases.TC_loginDDT_002"/>
  <testcase name="loginTest" time="15.876" classname="com.enetBanking.testCases.TC_loginDDT_002"/>
</testsuite> <!-- com.enetBanking.testCases.TC_loginDDT_002 -->
